Determining if the pthread_create exist failed with the following output:
Change Dir: /home/student/Documents/venk/LDLS/Tools_RosBag2KITTI/pcd2bin/build/CMakeFiles/CMakeTmp

Run Build Command:"/usr/bin/make" "cmTC_5e083/fast"
/usr/bin/make -f CMakeFiles/cmTC_5e083.dir/build.make CMakeFiles/cmTC_5e083.dir/build
make[1]: Entering directory '/media/student/data6/venk/LDLS/Tools_RosBag2KITTI/pcd2bin/build/CMakeFiles/CMakeTmp'
Building C object CMakeFiles/cmTC_5e083.dir/CheckSymbolExists.c.o
/usr/bin/cc    -o CMakeFiles/cmTC_5e083.dir/CheckSymbolExists.c.o   -c /home/student/Documents/venk/LDLS/Tools_RosBag2KITTI/pcd2bin/build/CMakeFiles/CMakeTmp/CheckSymbolExists.c
Linking C executable cmTC_5e083
/usr/bin/cmake -E cmake_link_script CMakeFiles/cmTC_5e083.dir/link.txt --verbose=1
/usr/bin/cc      -rdynamic CMakeFiles/cmTC_5e083.dir/CheckSymbolExists.c.o  -o cmTC_5e083 
CMakeFiles/cmTC_5e083.dir/CheckSymbolExists.c.o: In function `main':
CheckSymbolExists.c:(.text+0x1b): undefined reference to `pthread_create'
collect2: error: ld returned 1 exit status
CMakeFiles/cmTC_5e083.dir/build.make:97: recipe for target 'cmTC_5e083' failed
make[1]: *** [cmTC_5e083] Error 1
make[1]: Leaving directory '/media/student/data6/venk/LDLS/Tools_RosBag2KITTI/pcd2bin/build/CMakeFiles/CMakeTmp'
Makefile:126: recipe for target 'cmTC_5e083/fast' failed
make: *** [cmTC_5e083/fast] Error 2

File /home/student/Documents/venk/LDLS/Tools_RosBag2KITTI/pcd2bin/build/CMakeFiles/CMakeTmp/CheckSymbolExists.c:
/* */
#include <pthread.h>

int main(int argc, char** argv)
{
  (void)argv;
#ifndef pthread_create
  return ((int*)(&pthread_create))[argc];
#else
  (void)argc;
  return 0;
#endif
}

Determining if the function pthread_create exists in the pthreads failed with the following output:
Change Dir: /home/student/Documents/venk/LDLS/Tools_RosBag2KITTI/pcd2bin/build/CMakeFiles/CMakeTmp

Run Build Command:"/usr/bin/make" "cmTC_bc484/fast"
/usr/bin/make -f CMakeFiles/cmTC_bc484.dir/build.make CMakeFiles/cmTC_bc484.dir/build
make[1]: Entering directory '/media/student/data6/venk/LDLS/Tools_RosBag2KITTI/pcd2bin/build/CMakeFiles/CMakeTmp'
Building C object CMakeFiles/cmTC_bc484.dir/CheckFunctionExists.c.o
/usr/bin/cc   -DCHECK_FUNCTION_EXISTS=pthread_create   -o CMakeFiles/cmTC_bc484.dir/CheckFunctionExists.c.o   -c /usr/share/cmake-3.10/Modules/CheckFunctionExists.c
Linking C executable cmTC_bc484
/usr/bin/cmake -E cmake_link_script CMakeFiles/cmTC_bc484.dir/link.txt --verbose=1
/usr/bin/cc  -DCHECK_FUNCTION_EXISTS=pthread_create    -rdynamic CMakeFiles/cmTC_bc484.dir/CheckFunctionExists.c.o  -o cmTC_bc484 -lpthreads 
/usr/bin/ld: cannot find -lpthreads
collect2: error: ld returned 1 exit status
CMakeFiles/cmTC_bc484.dir/build.make:97: recipe for target 'cmTC_bc484' failed
make[1]: *** [cmTC_bc484] Error 1
make[1]: Leaving directory '/media/student/data6/venk/LDLS/Tools_RosBag2KITTI/pcd2bin/build/CMakeFiles/CMakeTmp'
Makefile:126: recipe for target 'cmTC_bc484/fast' failed
make: *** [cmTC_bc484/fast] Error 2


